[debug] [2020-09-09T16:55:39.801Z] ----------------------------------------------------------------------
[debug] [2020-09-09T16:55:39.805Z] Command:       C:\Program Files\nodejs\node.exe C:\Users\ACER\AppData\Roaming\npm\node_modules\firebase-tools\lib\bin\firebase.js init
[debug] [2020-09-09T16:55:39.805Z] CLI Version:   8.10.0
[debug] [2020-09-09T16:55:39.805Z] Platform:      win32
[debug] [2020-09-09T16:55:39.805Z] Node Version:  v12.18.3
[debug] [2020-09-09T16:55:39.807Z] Time:          Wed Sep 09 2020 22:55:39 GMT+0600 (Bangladesh Standard Time)
[debug] [2020-09-09T16:55:39.808Z] ----------------------------------------------------------------------
[debug] [2020-09-09T16:55:39.808Z] 
[debug] [2020-09-09T16:55:39.819Z] > command requires scopes: ["email","openid","https://www.googleapis.com/auth/cloudplatformprojects.readonly","https://www.googleapis.com/auth/firebase","https://www.googleapis.com/auth/cloud-platform"]
[debug] [2020-09-09T16:55:39.820Z] > authorizing via signed-in user
[info] 
     ######## #### ########  ######## ########     ###     ######  ########
     ##        ##  ##     ## ##       ##     ##  ##   ##  ##       ##
     ######    ##  ########  ######   ########  #########  ######  ######
     ##        ##  ##    ##  ##       ##     ## ##     ##       ## ##
     ##       #### ##     ## ######## ########  ##     ##  ######  ########

You're about to initialize a Firebase project in this directory:

  C:\xampp\htdocs\react-qazi\amazon-clone\amazon-clone

Before we get started, keep in mind:

  * You are currently outside your home directory

[info] 
=== Project Setup
[info] 
[info] First, let's associate this project directory with a Firebase project.
[info] You can create multiple project aliases by running firebase use --add, 
[info] but for now we'll just set up a default project.
[info] 
